<?xml version="1.0" encoding="UTF-8"?>
<!-- Generated by org.testng.reporters.JUnitReportReporter -->
<testsuite hostname="LAPTOP-GF7O58QP" failures="0" tests="5" name="testCases.TC_002_LoginDataDrivenTest" time="67.486" errors="0" timestamp="2023-04-22T11:15:09 EDT" skipped="0">
  <testcase classname="testCases.TC_002_LoginDataDrivenTest" name="test_LoginDDT" time="10.291"/>
  <system-out/>
  <testcase classname="testCases.TC_002_LoginDataDrivenTest" name="test_LoginDDT" time="25.268"/>
  <system-out/>
  <testcase classname="testCases.TC_002_LoginDataDrivenTest" name="test_LoginDDT" time="11.314"/>
  <system-out/>
  <testcase classname="testCases.TC_002_LoginDataDrivenTest" name="test_LoginDDT" time="10.317"/>
  <system-out/>
  <testcase classname="testCases.TC_002_LoginDataDrivenTest" name="test_LoginDDT" time="10.296"/>
  <system-out/>
</testsuite> <!-- testCases.TC_002_LoginDataDrivenTest -->
